<?xml version="1.0" encoding="UTF-8"?>
<testsuite name="DemoTest" tests="1" skipped="0" failures="0" errors="0" timestamp="2021-12-26T16:21:43" hostname="PLPC017457" time="0.596">
  <properties/>
  <testcase name="verify_launching_page" classname="DemoTest" time="0.596"/>
  <system-out><![CDATA[Global class setup
17:21:27,335 |-INFO in ch.qos.logback.classic.LoggerContext[default] - Could NOT find resource [logback.groovy]
17:21:27,335 |-INFO in ch.qos.logback.classic.LoggerContext[default] - Could NOT find resource [logback-test.xml]
17:21:27,335 |-INFO in ch.qos.logback.classic.LoggerContext[default] - Found resource [logback.xml] at [jar:file:/Users/syky/.gradle/caches/modules-2/files-2.1/com.comcast.magic-wand/core/4.0.3/62b65c852009880e0ea86353f6cdf878b0b7962a/core-4.0.3.jar!/logback.xml]
17:21:27,347 |-INFO in ch.qos.logback.core.joran.spi.ConfigurationWatchList@63f4e7c9 - URL [jar:file:/Users/syky/.gradle/caches/modules-2/files-2.1/com.comcast.magic-wand/core/4.0.3/62b65c852009880e0ea86353f6cdf878b0b7962a/core-4.0.3.jar!/logback.xml] is not of type file
17:21:27,387 |-INFO in ch.qos.logback.classic.joran.action.ConfigurationAction - debug attribute not set
17:21:27,397 |-INFO in ch.qos.logback.core.joran.action.AppenderAction - About to instantiate appender of type [ch.qos.logback.core.ConsoleAppender]
17:21:27,399 |-INFO in ch.qos.logback.core.joran.action.AppenderAction - Naming appender as [A1]
17:21:27,411 |-ERROR in ch.qos.logback.core.joran.spi.Interpreter@23:17 - no applicable action for [follow], current ElementPath  is [[configuration][appender][follow]]
17:21:27,412 |-INFO in ch.qos.logback.core.joran.action.NestedComplexPropertyIA - Assuming default type [ch.qos.logback.classic.encoder.PatternLayoutEncoder] for [encoder] property
17:21:27,435 |-INFO in ch.qos.logback.classic.joran.action.LoggerAction - Setting level of logger [org.apache] to ERROR
17:21:27,435 |-INFO in ch.qos.logback.classic.joran.action.LoggerAction - Setting level of logger [httpclient.wire] to ERROR
17:21:27,435 |-INFO in ch.qos.logback.classic.joran.action.RootLoggerAction - Setting level of ROOT logger to DEBUG
17:21:27,436 |-INFO in ch.qos.logback.core.joran.action.AppenderRefAction - Attaching appender named [A1] to Logger[ROOT]
17:21:27,436 |-INFO in ch.qos.logback.classic.joran.action.ConfigurationAction - End of configuration.
17:21:27,437 |-INFO in ch.qos.logback.classic.joran.JoranConfigurator@101f9fe6 - Registering current configuration as safe fallback point

?[35m[Appium]?[39m Welcome to Appium v1.22.1
?[35m[Appium]?[39m Appium REST http interface listener started on 0.0.0.0:4723
?[35m[HTTP]?[39m ?[37m-->?[39m ?[37mGET?[39m ?[37m/wd/hub/status?[39m
?[35m[HTTP]?[39m ?[90m{}?[39m
[debug] ?[35m[GENERIC]?[39m Calling AppiumDriver.getStatus() with args: []
[debug] ?[35m[GENERIC]?[39m Responding to client with driver.getStatus() result: {"build":{"version":"1.22.1"}}
?[35m[HTTP]?[39m ?[37m<-- GET /wd/hub/status ?[39m?[32m200?[39m ?[90m6 ms - 68?[39m
?[35m[HTTP]?[39m ?[90m?[39m
[debug] ?[35m[HTTP]?[39m Request idempotency key: b3d90ddd-5433-496e-be02-256c43bce6d3
?[35m[HTTP]?[39m ?[37m-->?[39m ?[37mPOST?[39m ?[37m/wd/hub/session?[39m
?[35m[HTTP]?[39m ?[90m{"desiredCapabilities":{"app":"/Users/syky/Documents/TestAutomation/frm/ActionsAppium/src/digibank-0.0.24-debug.apk","automationName":"uiautomator2","platformName":"Android","deviceName":"AndroidEmulator","newCommandTimeout":14},"capabilities":{"firstMatch":[{"appium:app":"/Users/syky/Documents/TestAutomation/frm/ActionsAppium/src/digibank-0.0.24-debug.apk","appium:automationName":"uiautomator2","appium:deviceName":"AndroidEmulator","appium:newCommandTimeout":14,"platformName":"android"}]}}?[39m
[debug] ?[35m[W3C]?[39m Calling AppiumDriver.createSession() with args: [{"app":"/Users/syky/Documents/TestAutomation/frm/ActionsAppium/src/digibank-0.0.24-debug.apk","automationName":"uiautomator2","platformName":"Android","deviceName":"AndroidEmulator","newCommandTimeout":14},null,{"firstMatch":[{"appium:app":"/Users/syky/Documents/TestAutomation/frm/ActionsAppium/src/digibank-0.0.24-debug.apk","appium:automationName":"uiautomator2","appium:deviceName":"AndroidEmulator","appium:newCommandTimeout":14,"platformName":"android"}]}]
[debug] ?[35m[BaseDriver]?[39m Event 'newSessionRequested' logged at 1640535696669 (17:21:36 GMT+0100 (Central European Standard Time))
?[35m[Appium]?[39m Appium v1.22.1 creating new AndroidUiautomator2Driver (v1.70.1) session
[debug] ?[35m[BaseDriver]?[39m W3C capabilities and MJSONWP desired capabilities were provided
[debug] ?[35m[BaseDriver]?[39m Creating session with W3C capabilities: {
[debug] ?[35m[BaseDriver]?[39m   "alwaysMatch": {
[debug] ?[35m[BaseDriver]?[39m     "platformName": "android",
[debug] ?[35m[BaseDriver]?[39m     "appium:app": "/Users/syky/Documents/TestAutomation/frm/ActionsAppium/src/digibank-0.0.24-debug.apk",
[debug] ?[35m[BaseDriver]?[39m     "appium:automationName": "uiautomator2",
[debug] ?[35m[BaseDriver]?[39m     "appium:deviceName": "AndroidEmulator",
[debug] ?[35m[BaseDriver]?[39m     "appium:newCommandTimeout": 14
[debug] ?[35m[BaseDriver]?[39m   },
[debug] ?[35m[BaseDriver]?[39m   "firstMatch": [
[debug] ?[35m[BaseDriver]?[39m     {}
[debug] ?[35m[BaseDriver]?[39m   ]
[debug] ?[35m[BaseDriver]?[39m }
?[35m[BaseDriver]?[39m Session created with session id: b91cda30-be7c-4313-b0b2-8eae2188f729
?[35m[BaseDriver]?[39m Using local app '/Users/syky/Documents/TestAutomation/frm/ActionsAppium/src/digibank-0.0.24-debug.apk'
[debug] ?[35m[UiAutomator2]?[39m Checking whether app is actually present
?[35m[ADB]?[39m Found 2 'build-tools' folders under '/Users/syky/Library/Android/sdk' (newest first):
?[35m[ADB]?[39m     /Users/syky/Library/Android/sdk/build-tools/31.0.0
?[35m[ADB]?[39m     /Users/syky/Library/Android/sdk/build-tools/30.0.2
?[35m[ADB]?[39m Using 'adb' from '/Users/syky/Library/Android/sdk/platform-tools/adb'
[debug] ?[35m[ADB]?[39m Running '/Users/syky/Library/Android/sdk/platform-tools/adb -P 5037 start-server'
?[35m[AndroidDriver]?[39m Retrieving device list
[debug] ?[35m[ADB]?[39m Trying to find a connected android device
[debug] ?[35m[ADB]?[39m Getting connected devices
[debug] ?[35m[ADB]?[39m Connected devices: [{"udid":"emulator-5554","state":"device"}]
?[35m[AndroidDriver]?[39m Using device: emulator-5554
?[35m[ADB]?[39m Using 'adb' from '/Users/syky/Library/Android/sdk/platform-tools/adb'
[debug] ?[35m[ADB]?[39m Running '/Users/syky/Library/Android/sdk/platform-tools/adb -P 5037 start-server'
[debug] ?[35m[ADB]?[39m Setting device id to emulator-5554
[debug] ?[35m[ADB]?[39m Running '/Users/syky/Library/Android/sdk/platform-tools/adb -P 5037 -s emulator-5554 shell getprop ro.build.version.sdk'
[debug] ?[35m[ADB]?[39m Current device property 'ro.build.version.sdk': 30
?[35m[ADB]?[39m Getting device platform version
[debug] ?[35m[ADB]?[39m Running '/Users/syky/Library/Android/sdk/platform-tools/adb -P 5037 -s emulator-5554 shell getprop ro.build.version.release'
[debug] ?[35m[ADB]?[39m Current device property 'ro.build.version.release': 11
[debug] ?[35m[ADB]?[39m Device API level: 30
?[35m[UiAutomator2]?[39m Relaxing hidden api policy
[debug] ?[35m[ADB]?[39m Running '/Users/syky/Library/Android/sdk/platform-tools/adb -P 5037 -s emulator-5554 shell 'settings put global hidden_api_policy_pre_p_apps 1;settings put global hidden_api_policy_p_apps 1;settings put global hidden_api_policy 1''
[debug] ?[35m[AndroidDriver]?[39m Parsing package and activity from app manifest
?[35m[ADB]?[39m Package name: 'my.com.alrajhibank.wick'
?[35m[ADB]?[39m Main activity name: 'my.com.alrajhibank.wick.ui.MainActivity'
[debug] ?[35m[AndroidDriver]?[39m Parsed package and activity are: my.com.alrajhibank.wick/my.com.alrajhibank.wick.ui.MainActivity
[debug] ?[35m[ADB]?[39m Running '/Users/syky/Library/Android/sdk/platform-tools/adb -P 5037 -s emulator-5554 wait-for-device'
[debug] ?[35m[ADB]?[39m Running '/Users/syky/Library/Android/sdk/platform-tools/adb -P 5037 -s emulator-5554 shell echo ping'
[debug] ?[35m[AndroidDriver]?[39m Pushing settings apk to device...
[debug] ?[35m[ADB]?[39m Getting install status for io.appium.settings
[debug] ?[35m[ADB]?[39m Running '/Users/syky/Library/Android/sdk/platform-tools/adb -P 5037 -s emulator-5554 shell dumpsys package io.appium.settings'
[debug] ?[35m[ADB]?[39m 'io.appium.settings' is installed
[debug] ?[35m[ADB]?[39m Getting package info for 'io.appium.settings'
[debug] ?[35m[ADB]?[39m Running '/Users/syky/Library/Android/sdk/platform-tools/adb -P 5037 -s emulator-5554 shell dumpsys package io.appium.settings'
[debug] ?[35m[ADB]?[39m The version name of the installed 'io.appium.settings' is greater or equal to the application version name ('3.4.0' >= '3.4.0')
[debug] ?[35m[ADB]?[39m There is no need to install/upgrade '/usr/local/lib/node_modules/appium/node_modules/io.appium.settings/apks/settings_apk-debug.apk'
[debug] ?[35m[ADB]?[39m Getting IDs of all 'io.appium.settings' processes
[debug] ?[35m[ADB]?[39m Running '/Users/syky/Library/Android/sdk/platform-tools/adb -P 5037 -s emulator-5554 shell 'pgrep --help; echo $?''
[debug] ?[35m[ADB]?[39m Running '/Users/syky/Library/Android/sdk/platform-tools/adb -P 5037 -s emulator-5554 shell pgrep -f \(\[\[:blank:\]\]\|\^\)io\.appium\.settings\(\[\[:blank:\]\]\|\$\)'
[debug] ?[35m[AndroidDriver]?[39m io.appium.settings is already running. There is no need to reset its permissions.
[debug] ?[35m[Logcat]?[39m Starting logs capture with command: /Users/syky/Library/Android/sdk/platform-tools/adb -P 5037 -s emulator-5554 logcat -v threadtime
[debug] ?[35m[UiAutomator2]?[39m Forwarding UiAutomator2 Server port 6790 to local port 8201
[debug] ?[35m[ADB]?[39m Forwarding system: 8201 to device: 6790
[debug] ?[35m[ADB]?[39m Running '/Users/syky/Library/Android/sdk/platform-tools/adb -P 5037 -s emulator-5554 forward tcp:8201 tcp:6790'
?[35m[UiAutomator2]?[39m Server package at '/usr/local/lib/node_modules/appium/node_modules/appium-uiautomator2-server/apks/appium-uiautomator2-server-v4.27.0.apk' is not writeable. Will copy it into the temporary location at '/var/folders/7j/6zz486_51qd6zpvxy1gdd5zhy4vzwj/T/20211126-49271-1jykzp9.c7mff' as a workaround. Consider making this file writeable manually in order to improve the performance of session startup.
?[35m[UiAutomator2]?[39m Server package at '/usr/local/lib/node_modules/appium/node_modules/appium-uiautomator2-server/apks/appium-uiautomator2-server-debug-androidTest.apk' is not writeable. Will copy it into the temporary location at '/var/folders/7j/6zz486_51qd6zpvxy1gdd5zhy4vzwj/T/20211126-49271-1jykzp9.c7mff' as a workaround. Consider making this file writeable manually in order to improve the performance of session startup.
[debug] ?[35m[ADB]?[39m Getting install status for io.appium.uiautomator2.server
[debug] ?[35m[ADB]?[39m Running '/Users/syky/Library/Android/sdk/platform-tools/adb -P 5037 -s emulator-5554 shell dumpsys package io.appium.uiautomator2.server'
[debug] ?[35m[ADB]?[39m 'io.appium.uiautomator2.server' is installed
[debug] ?[35m[ADB]?[39m Getting package info for 'io.appium.uiautomator2.server'
[debug] ?[35m[ADB]?[39m Running '/Users/syky/Library/Android/sdk/platform-tools/adb -P 5037 -s emulator-5554 shell dumpsys package io.appium.uiautomator2.server'
[debug] ?[35m[ADB]?[39m The version name of the installed 'io.appium.uiautomator2.server' is greater or equal to the application version name ('4.27.0' >= '4.27.0')
[debug] ?[35m[UiAutomator2]?[39m io.appium.uiautomator2.server installation state: sameVersionInstalled
[debug] ?[35m[ADB]?[39m Checking app cert for /var/folders/7j/6zz486_51qd6zpvxy1gdd5zhy4vzwj/T/20211126-49271-1jykzp9.c7mff/appium-uiautomator2-server-v4.27.0.apk
?[35m[ADB]?[39m Using 'apksigner.jar' from '/Users/syky/Library/Android/sdk/build-tools/31.0.0/lib/apksigner.jar'
[debug] ?[35m[ADB]?[39m Starting apksigner: '/Library/Internet Plug-Ins/JavaAppletPlugin.plugin/Contents/Home/bin/java' -Xmx1024M -Xss1m -jar /Users/syky/Library/Android/sdk/build-tools/31.0.0/lib/apksigner.jar verify --print-certs /var/folders/7j/6zz486_51qd6zpvxy1gdd5zhy4vzwj/T/20211126-49271-1jykzp9.c7mff/appium-uiautomator2-server-v4.27.0.apk
[debug] ?[35m[ADB]?[39m apksigner stdout: Signer #1 certificate DN: EMAILADDRESS=android@android.com, CN=Android, OU=Android, O=Android, L=Mountain View, ST=California, C=US
[debug] ?[35m[ADB]?[39m Signer #1 certificate SHA-256 digest: a40da80a59d170caa950cf15c18c454d47a39b26989d8b640ecd745ba71bf5dc
[debug] ?[35m[ADB]?[39m Signer #1 certificate SHA-1 digest: 61ed377e85d386a8dfee6b864bd85b0bfaa5af81
[debug] ?[35m[ADB]?[39m Signer #1 certificate MD5 digest: e89b158e4bcf988ebd09eb83f5378e87
[debug] ?[35m[ADB]?[39m 
[debug] ?[35m[ADB]?[39m sha256 hash did match for 'appium-uiautomator2-server-v4.27.0.apk'
?[35m[ADB]?[39m '/var/folders/7j/6zz486_51qd6zpvxy1gdd5zhy4vzwj/T/20211126-49271-1jykzp9.c7mff/appium-uiautomator2-server-v4.27.0.apk' is signed with the default certificate
[debug] ?[35m[ADB]?[39m Getting install status for io.appium.uiautomator2.server.test
[debug] ?[35m[ADB]?[39m Running '/Users/syky/Library/Android/sdk/platform-tools/adb -P 5037 -s emulator-5554 shell dumpsys package io.appium.uiautomator2.server.test'
[debug] ?[35m[ADB]?[39m 'io.appium.uiautomator2.server.test' is installed
[debug] ?[35m[ADB]?[39m Checking app cert for /var/folders/7j/6zz486_51qd6zpvxy1gdd5zhy4vzwj/T/20211126-49271-1jykzp9.c7mff/appium-uiautomator2-server-debug-androidTest.apk
[debug] ?[35m[ADB]?[39m Starting apksigner: '/Library/Internet Plug-Ins/JavaAppletPlugin.plugin/Contents/Home/bin/java' -Xmx1024M -Xss1m -jar /Users/syky/Library/Android/sdk/build-tools/31.0.0/lib/apksigner.jar verify --print-certs /var/folders/7j/6zz486_51qd6zpvxy1gdd5zhy4vzwj/T/20211126-49271-1jykzp9.c7mff/appium-uiautomator2-server-debug-androidTest.apk
[debug] ?[35m[ADB]?[39m apksigner stdout: Signer #1 certificate DN: EMAILADDRESS=android@android.com, CN=Android, OU=Android, O=Android, L=Mountain View, ST=California, C=US
[debug] ?[35m[ADB]?[39m Signer #1 certificate SHA-256 digest: a40da80a59d170caa950cf15c18c454d47a39b26989d8b640ecd745ba71bf5dc
[debug] ?[35m[ADB]?[39m Signer #1 certificate SHA-1 digest: 61ed377e85d386a8dfee6b864bd85b0bfaa5af81
[debug] ?[35m[ADB]?[39m Signer #1 certificate MD5 digest: e89b158e4bcf988ebd09eb83f5378e87
[debug] ?[35m[ADB]?[39m 
[debug] ?[35m[ADB]?[39m sha256 hash did match for 'appium-uiautomator2-server-debug-androidTest.apk'
?[35m[ADB]?[39m '/var/folders/7j/6zz486_51qd6zpvxy1gdd5zhy4vzwj/T/20211126-49271-1jykzp9.c7mff/appium-uiautomator2-server-debug-androidTest.apk' is signed with the default certificate
?[35m[UiAutomator2]?[39m Server packages are not going to be (re)installed
[debug] ?[35m[UiAutomator2]?[39m Waiting up to 30000ms for services to be available
[debug] ?[35m[ADB]?[39m Running '/Users/syky/Library/Android/sdk/platform-tools/adb -P 5037 -s emulator-5554 shell pm list instrumentation'
[debug] ?[35m[UiAutomator2]?[39m Instrumentation target 'io.appium.uiautomator2.server.test/androidx.test.runner.AndroidJUnitRunner' is available
?[35m[ADB]?[39m Adding packages ["io.appium.settings","io.appium.uiautomator2.server","io.appium.uiautomator2.server.test"] to Doze whitelist
[debug] ?[35m[ADB]?[39m Got the following command chunks to execute: [["dumpsys","deviceidle","whitelist","+io.appium.settings",";","dumpsys","deviceidle","whitelist","+io.appium.uiautomator2.server",";","dumpsys","deviceidle","whitelist","+io.appium.uiautomator2.server.test",";"]]
[debug] ?[35m[ADB]?[39m Running '/Users/syky/Library/Android/sdk/platform-tools/adb -P 5037 -s emulator-5554 shell dumpsys deviceidle whitelist +io.appium.settings ; dumpsys deviceidle whitelist +io.appium.uiautomator2.server ; dumpsys deviceidle whitelist +io.appium.uiautomator2.server.test ;'
[debug] ?[35m[ADB]?[39m Checking app cert for /Users/syky/Documents/TestAutomation/frm/ActionsAppium/src/digibank-0.0.24-debug.apk
[debug] ?[35m[ADB]?[39m Starting apksigner: '/Library/Internet Plug-Ins/JavaAppletPlugin.plugin/Contents/Home/bin/java' -Xmx1024M -Xss1m -jar /Users/syky/Library/Android/sdk/build-tools/31.0.0/lib/apksigner.jar verify --print-certs /Users/syky/Documents/TestAutomation/frm/ActionsAppium/src/digibank-0.0.24-debug.apk
[debug] ?[35m[ADB]?[39m apksigner stdout: Signer #1 certificate DN: C=US, O=Android, CN=Android Debug
[debug] ?[35m[ADB]?[39m Signer #1 certificate SHA-256 digest: a157c33d80003cf2b1b3af5cdc11b402fb68b347ed6395f8213060a8c2a49a18
[debug] ?[35m[ADB]?[39m Signer #1 certificate SHA-1 digest: 31a738af45fe246f4e46ae8033ae0369a5570640
[debug] ?[35m[ADB]?[39m Signer #1 certificate MD5 digest: 2bdb2ae8e89ad3d790c2a12a84cc0391
[debug] ?[35m[ADB]?[39m 
?[35m[ADB]?[39m '/Users/syky/Documents/TestAutomation/frm/ActionsAppium/src/digibank-0.0.24-debug.apk' is signed with a non-default certificate
[debug] ?[35m[ADB]?[39m Getting install status for my.com.alrajhibank.wick
[debug] ?[35m[ADB]?[39m Running '/Users/syky/Library/Android/sdk/platform-tools/adb -P 5037 -s emulator-5554 shell dumpsys package my.com.alrajhibank.wick'
[debug] ?[35m[ADB]?[39m 'my.com.alrajhibank.wick' is installed
[debug] ?[35m[ADB]?[39m Getting package info for 'my.com.alrajhibank.wick'
[debug] ?[35m[ADB]?[39m Running '/Users/syky/Library/Android/sdk/platform-tools/adb -P 5037 -s emulator-5554 shell dumpsys package my.com.alrajhibank.wick'
[debug] ?[35m[ADB]?[39m The version name of the installed 'my.com.alrajhibank.wick' is greater or equal to the application version name ('0.0.0' >= '0.0.0')
[debug] ?[35m[ADB]?[39m There is no need to install/upgrade '/Users/syky/Documents/TestAutomation/frm/ActionsAppium/src/digibank-0.0.24-debug.apk'
?[35m[AndroidDriver]?[39m Performing fast reset on 'my.com.alrajhibank.wick'
[debug] ?[35m[ADB]?[39m Getting install status for my.com.alrajhibank.wick
[debug] ?[35m[ADB]?[39m Running '/Users/syky/Library/Android/sdk/platform-tools/adb -P 5037 -s emulator-5554 shell dumpsys package my.com.alrajhibank.wick'
[debug] ?[35m[ADB]?[39m 'my.com.alrajhibank.wick' is installed
[debug] ?[35m[ADB]?[39m Running '/Users/syky/Library/Android/sdk/platform-tools/adb -P 5037 -s emulator-5554 shell am force-stop my.com.alrajhibank.wick'
[debug] ?[35m[ADB]?[39m Running '/Users/syky/Library/Android/sdk/platform-tools/adb -P 5037 -s emulator-5554 shell pm clear my.com.alrajhibank.wick'
[debug] ?[35m[AndroidDriver]?[39m Performed fast reset on the installed 'my.com.alrajhibank.wick' application (stop and clear)
[debug] ?[35m[UiAutomator2]?[39m Performing shallow cleanup of automation leftovers
[debug] ?[35m[UiAutomator2]?[39m No obsolete sessions have been detected (socket hang up)
[debug] ?[35m[ADB]?[39m Running '/Users/syky/Library/Android/sdk/platform-tools/adb -P 5037 -s emulator-5554 shell am force-stop io.appium.uiautomator2.server.test'
?[35m[UiAutomator2]?[39m Starting UIAutomator2 server 4.27.0
?[35m[UiAutomator2]?[39m Using UIAutomator2 server from '/usr/local/lib/node_modules/appium/node_modules/appium-uiautomator2-server/apks/appium-uiautomator2-server-v4.27.0.apk' and test from '/usr/local/lib/node_modules/appium/node_modules/appium-uiautomator2-server/apks/appium-uiautomator2-server-debug-androidTest.apk'
?[35m[UiAutomator2]?[39m Waiting up to 30000ms for UiAutomator2 to be online...
[debug] ?[35m[ADB]?[39m Creating ADB subprocess with args: ["-P",5037,"-s","emulator-5554","shell","am","instrument","-w","-e","disableAnalytics",true,"io.appium.uiautomator2.server.test/androidx.test.runner.AndroidJUnitRunner"]
[debug] ?[35m[WD Proxy]?[39m Matched '/status' to command name 'getStatus'
[debug] ?[35m[WD Proxy]?[39m Proxying [GET /status] to [GET http://127.0.0.1:8201/wd/hub/status] with no body
?[35m[WD Proxy]?[39m socket hang up
[debug] ?[35m[Instrumentation]?[39m io.appium.uiautomator2.server.test.AppiumUiAutomator2Server:
[debug] ?[35m[WD Proxy]?[39m Matched '/status' to command name 'getStatus'
[debug] ?[35m[WD Proxy]?[39m Proxying [GET /status] to [GET http://127.0.0.1:8201/wd/hub/status] with no body
?[35m[WD Proxy]?[39m socket hang up
[debug] ?[35m[WD Proxy]?[39m Matched '/status' to command name 'getStatus'
[debug] ?[35m[WD Proxy]?[39m Proxying [GET /status] to [GET http://127.0.0.1:8201/wd/hub/status] with no body
[debug] ?[35m[WD Proxy]?[39m Got response with status 200: {"sessionId":"None","value":{"message":"UiAutomator2 Server is ready to accept commands","ready":true}}
[debug] ?[35m[UiAutomator2]?[39m The initialization of the instrumentation process took 2157ms
[debug] ?[35m[WD Proxy]?[39m Matched '/session' to command name 'createSession'
[debug] ?[35m[WD Proxy]?[39m Proxying [POST /session] to [POST http://127.0.0.1:8201/wd/hub/session] with body: {"capabilities":{"firstMatch":[{"platform":"LINUX","webStorageEnabled":false,"takesScreenshot":true,"javascriptEnabled":true,"databaseEnabled":false,"networkConnectionEnabled":true,"locationContextEnabled":false,"warnings":{},"desired":{"platformName":"android","app":"/Users/syky/Documents/TestAutomation/frm/ActionsAppium/src/digibank-0.0.24-debug.apk","automationName":"uiautomator2","deviceName":"AndroidEmulator","newCommandTimeout":14},"platformName":"android","app":"/Users/syky/Documents/TestAutomation/frm/ActionsAppium/src/digibank-0.0.24-debug.apk","automationName":"uiautomator2","deviceName":"emulator-5554","newCommandTimeout":14,"deviceUDID":"emulator-5554","appPackage":"my.com.alrajhibank.wick"}],"alwaysMatch":{}}}
[debug] ?[35m[WD Proxy]?[39m Got response with status 200: {"sessionId":"fb3582b1-338d-45e1-b212-a0bc3a02b9ca","value":{"capabilities":{"firstMatch":[{"platform":"LINUX","webStorageEnabled":false,"takesScreenshot":true,"javascriptEnabled":true,"databaseEnabled":false,"networkConnectionEnabled":true,"locationContextEnabled":false,"warnings":{},"desired":{"platformName":"android","app":"/Users/syky/Documents/TestAutomation/frm/ActionsAppium/src/digibank-0.0.24-debug.apk","automationName":"uiautomator2","deviceName":"AndroidEmulator","newCommandTimeout":14},"platformName":"android","app":"/Users/syky/Documents/TestAutomation/frm/ActionsAppium/src/digibank-0.0.24-debug.apk","automationName":"uiautomator2","deviceName":"emulator-5554","newCommandTimeout":14,"deviceUDID":"emulator-5554","appPackage":"my.com.alrajhibank.wick"}],"alwaysMatch":{}},"sessionId":"fb3582b1-338d-45e1-b212-a0bc3a02b9ca"}}
?[35m[WD Proxy]?[39m Determined the downstream protocol as 'W3C'
[debug] ?[35m[WD Proxy]?[39m Proxying [GET /appium/device/info] to [GET http://127.0.0.1:8201/wd/hub/session/fb3582b1-338d-45e1-b212-a0bc3a02b9ca/appium/device/info] with no body
[debug] ?[35m[WD Proxy]?[39m Got response with status 200: {"sessionId":"fb3582b1-338d-45e1-b212-a0bc3a02b9ca","value":{"androidId":"88ee69219bf34064","apiVersion":"30","bluetooth":{"state":"ON"},"brand":"Android","carrierName":"Android","displayDensity":440,"locale":"en_US","manufacturer":"unknown","model":"Android SDK built for x86","networks":[{"capabilities":{"SSID":null,"linkDownBandwidthKbps":4125,"linkUpstreamBandwidthKbps":176343,"networkCapabilities":"NET_CAPABILITY_NOT_METERED,NET_CAPABILITY_INTERNET,NET_CAPABILITY_NOT_RESTRICTED,NET_CAPABILITY_TRUSTED,NET_CAPABILITY_NOT_VPN,NET_CAPABILITY_VALIDATED,NET_CAPABILITY_NOT_ROAMING,NET_CAPABILITY_FOREGROUND,NET_CAPABILITY_NOT_CONGESTED,NET_CAPABILITY_NOT_SUSPENDED","signalStrength":-30,"transportTypes":"TRANSPORT_WIFI"},"detailedState":"CONNECTED","extraInfo":"","isAvailable":true,"isConnected":true,"isFailover":false,"isRoaming":false,"state":"CONNECTED","subtype":0,"subtypeName":"","type":1,"typeName":"WIFI"},{"capabilities":{"SSID":null,"linkDownBandwidthKbps":30000,"linkUpstreamBandwidthKbps":15000,"networ...
[debug] ?[35m[ADB]?[39m Running '/Users/syky/Library/Android/sdk/platform-tools/adb -P 5037 -s emulator-5554 shell dumpsys window'
?[35m[AndroidDriver]?[39m Screen already unlocked, doing nothing
?[35m[UiAutomator2]?[39m Starting 'my.com.alrajhibank.wick/my.com.alrajhibank.wick.ui.MainActivity and waiting for 'my.com.alrajhibank.wick/my.com.alrajhibank.wick.ui.MainActivity'
[debug] ?[35m[ADB]?[39m Running '/Users/syky/Library/Android/sdk/platform-tools/adb -P 5037 -s emulator-5554 shell am start -W -n my.com.alrajhibank.wick/my.com.alrajhibank.wick.ui.MainActivity -S -a android.intent.action.MAIN -c android.intent.category.LAUNCHER -f 0x10200000'
[debug] ?[35m[ADB]?[39m Waiting up to 20000ms for activity matching pkg: 'my.com.alrajhibank.wick' and activity: 'my.com.alrajhibank.wick.ui.MainActivity' to be focused
[debug] ?[35m[ADB]?[39m Possible activities, to be checked: 'my.com.alrajhibank.wick.ui.MainActivity', 'my.com.alrajhibank.wick.my.com.alrajhibank.wick.ui.MainActivity'
[debug] ?[35m[ADB]?[39m Getting focused package and activity
[debug] ?[35m[ADB]?[39m Running '/Users/syky/Library/Android/sdk/platform-tools/adb -P 5037 -s emulator-5554 shell dumpsys window displays'
[debug] ?[35m[ADB]?[39m Found package: 'my.com.alrajhibank.wick' and fully qualified activity name : 'my.com.alrajhibank.wick.ui.MainActivity'
[debug] ?[35m[WD Proxy]?[39m Proxying [GET /appium/device/pixel_ratio] to [GET http://127.0.0.1:8201/wd/hub/session/fb3582b1-338d-45e1-b212-a0bc3a02b9ca/appium/device/pixel_ratio] with no body
[debug] ?[35m[WD Proxy]?[39m Got response with status 200: {"sessionId":"fb3582b1-338d-45e1-b212-a0bc3a02b9ca","value":2.75}
[debug] ?[35m[WD Proxy]?[39m Matched '/appium/device/system_bars' to command name 'getSystemBars'
[debug] ?[35m[WD Proxy]?[39m Proxying [GET /appium/device/system_bars] to [GET http://127.0.0.1:8201/wd/hub/session/fb3582b1-338d-45e1-b212-a0bc3a02b9ca/appium/device/system_bars] with no body
[debug] ?[35m[WD Proxy]?[39m Got response with status 200: {"sessionId":"fb3582b1-338d-45e1-b212-a0bc3a02b9ca","value":{"statusBar":135}}
[debug] ?[35m[WD Proxy]?[39m Matched '/window/current/size' to command name 'getWindowSize'
[debug] ?[35m[WD Proxy]?[39m Proxying [GET /window/current/size] to [GET http://127.0.0.1:8201/wd/hub/session/fb3582b1-338d-45e1-b212-a0bc3a02b9ca/window/current/size] with no body
[debug] ?[35m[WD Proxy]?[39m Got response with status 200: {"sessionId":"fb3582b1-338d-45e1-b212-a0bc3a02b9ca","value":{"height":1977,"width":1080}}
?[35m[Appium]?[39m New AndroidUiautomator2Driver session created successfully, session b91cda30-be7c-4313-b0b2-8eae2188f729 added to master session list
[debug] ?[35m[BaseDriver]?[39m Event 'newSessionStarted' logged at 1640535703761 (17:21:43 GMT+0100 (Central European Standard Time))
[debug] ?[35m[W3C (b91cda30)]?[39m Cached the protocol value 'W3C' for the new session b91cda30-be7c-4313-b0b2-8eae2188f729
[debug] ?[35m[W3C (b91cda30)]?[39m Responding to client with driver.createSession() result: {"capabilities":{"platform":"LINUX","webStorageEnabled":false,"takesScreenshot":true,"javascriptEnabled":true,"databaseEnabled":false,"networkConnectionEnabled":true,"locationContextEnabled":false,"warnings":{},"desired":{"platformName":"android","app":"/Users/syky/Documents/TestAutomation/frm/ActionsAppium/src/digibank-0.0.24-debug.apk","automationName":"uiautomator2","deviceName":"AndroidEmulator","newCommandTimeout":14},"platformName":"android","app":"/Users/syky/Documents/TestAutomation/frm/ActionsAppium/src/digibank-0.0.24-debug.apk","automationName":"uiautomator2","deviceName":"emulator-5554","newCommandTimeout":14,"deviceUDID":"emulator-5554","appPackage":"my.com.alrajhibank.wick","deviceApiLevel":30,"platformVersion":"11","deviceScreenSize":"1080x2280","deviceScreenDensity":440,"deviceModel":"Android SDK built for x86","deviceManufacturer":"unknown","pixelRatio":2.75,"statBarHeight":135,"viewportRect":{"left":0,"top":135,"width":1080,"height":1842}}}
?[35m[HTTP]?[39m ?[37m<-- POST /wd/hub/session ?[39m?[32m200?[39m ?[90m7096 ms - 1033?[39m
?[35m[HTTP]?[39m ?[90m?[39m
?[35m[HTTP]?[39m ?[37m-->?[39m ?[37mPOST?[39m ?[37m/wd/hub/session/b91cda30-be7c-4313-b0b2-8eae2188f729/timeouts?[39m
?[35m[HTTP]?[39m ?[90m{"implicit":10000}?[39m
[debug] ?[35m[W3C (b91cda30)]?[39m Calling AppiumDriver.timeouts() with args: [null,null,null,null,10000,"b91cda30-be7c-4313-b0b2-8eae2188f729"]
[debug] ?[35m[BaseDriver]?[39m W3C timeout argument: {"implicit":10000}}
[debug] ?[35m[BaseDriver]?[39m Set implicit wait to 10000ms
[debug] ?[35m[W3C (b91cda30)]?[39m Responding to client with driver.timeouts() result: null
?[35m[HTTP]?[39m ?[37m<-- POST /wd/hub/session/b91cda30-be7c-4313-b0b2-8eae2188f729/timeouts ?[39m?[32m200?[39m ?[90m4 ms - 14?[39m
?[35m[HTTP]?[39m ?[90m?[39m
Global method setup
?[35m[HTTP]?[39m ?[37m-->?[39m ?[37mPOST?[39m ?[37m/wd/hub/session/b91cda30-be7c-4313-b0b2-8eae2188f729/elements?[39m
?[35m[HTTP]?[39m ?[90m{"using":"id","value":"welcome_logo"}?[39m
[debug] ?[35m[W3C (b91cda30)]?[39m Calling AppiumDriver.findElements() with args: ["id","welcome_logo","b91cda30-be7c-4313-b0b2-8eae2188f729"]
[debug] ?[35m[BaseDriver]?[39m Valid locator strategies for this request: xpath, id, class name, accessibility id, css selector, -android uiautomator
[debug] ?[35m[BaseDriver]?[39m Waiting up to 10000 ms for condition
[debug] ?[35m[WD Proxy]?[39m Matched '/elements' to command name 'findElements'
[debug] ?[35m[WD Proxy]?[39m Proxying [POST /elements] to [POST http://127.0.0.1:8201/wd/hub/session/fb3582b1-338d-45e1-b212-a0bc3a02b9ca/elements] with body: {"strategy":"id","selector":"welcome_logo","context":"","multiple":true}
[debug] ?[35m[WD Proxy]?[39m Got response with status 200: {"sessionId":"fb3582b1-338d-45e1-b212-a0bc3a02b9ca","value":[{"ELEMENT":"00000000-0000-01bd-ffff-ffff0000000c","element-6066-11e4-a52e-4f735466cecf":"00000000-0000-01bd-ffff-ffff0000000c"}]}
[debug] ?[35m[W3C (b91cda30)]?[39m Responding to client with driver.findElements() result: [{"element-6066-11e4-a52e-4f735466cecf":"00000000-0000-01bd-ffff-ffff0000000c","ELEMENT":"00000000-0000-01bd-ffff-ffff0000000c"}]
?[35m[HTTP]?[39m ?[37m<-- POST /wd/hub/session/b91cda30-be7c-4313-b0b2-8eae2188f729/elements ?[39m?[32m200?[39m ?[90m504 ms - 139?[39m
?[35m[HTTP]?[39m ?[90m?[39m
?[35m[HTTP]?[39m ?[37m-->?[39m ?[37mPOST?[39m ?[37m/wd/hub/session/b91cda30-be7c-4313-b0b2-8eae2188f729/element?[39m
?[35m[HTTP]?[39m ?[90m{"using":"id","value":"welcome_register_btn"}?[39m
[debug] ?[35m[W3C (b91cda30)]?[39m Calling AppiumDriver.findElement() with args: ["id","welcome_register_btn","b91cda30-be7c-4313-b0b2-8eae2188f729"]
[debug] ?[35m[BaseDriver]?[39m Valid locator strategies for this request: xpath, id, class name, accessibility id, css selector, -android uiautomator
[debug] ?[35m[BaseDriver]?[39m Waiting up to 10000 ms for condition
[debug] ?[35m[WD Proxy]?[39m Matched '/element' to command name 'findElement'
[debug] ?[35m[WD Proxy]?[39m Proxying [POST /element] to [POST http://127.0.0.1:8201/wd/hub/session/fb3582b1-338d-45e1-b212-a0bc3a02b9ca/element] with body: {"strategy":"id","selector":"welcome_register_btn","context":"","multiple":false}
[debug] ?[35m[WD Proxy]?[39m Got response with status 200: {"sessionId":"fb3582b1-338d-45e1-b212-a0bc3a02b9ca","value":{"ELEMENT":"00000000-0000-01bd-ffff-ffff0000000e","element-6066-11e4-a52e-4f735466cecf":"00000000-0000-01bd-ffff-ffff0000000e"}}
[debug] ?[35m[W3C (b91cda30)]?[39m Responding to client with driver.findElement() result: {"element-6066-11e4-a52e-4f735466cecf":"00000000-0000-01bd-ffff-ffff0000000e","ELEMENT":"00000000-0000-01bd-ffff-ffff0000000e"}
?[35m[HTTP]?[39m ?[37m<-- POST /wd/hub/session/b91cda30-be7c-4313-b0b2-8eae2188f729/element ?[39m?[32m200?[39m ?[90m21 ms - 137?[39m
?[35m[HTTP]?[39m ?[90m?[39m
?[35m[HTTP]?[39m ?[37m-->?[39m ?[37mGET?[39m ?[37m/wd/hub/session/b91cda30-be7c-4313-b0b2-8eae2188f729/element/00000000-0000-01bd-ffff-ffff0000000e/text?[39m
?[35m[HTTP]?[39m ?[90m{}?[39m
?[35m[W3C (b91cda30)]?[39m Driver proxy active, passing request on via HTTP proxy
[debug] ?[35m[WD Proxy]?[39m Matched '/wd/hub/session/b91cda30-be7c-4313-b0b2-8eae2188f729/element/00000000-0000-01bd-ffff-ffff0000000e/text' to command name 'getText'
[debug] ?[35m[WD Proxy]?[39m Proxying [GET /wd/hub/session/b91cda30-be7c-4313-b0b2-8eae2188f729/element/00000000-0000-01bd-ffff-ffff0000000e/text] to [GET http://127.0.0.1:8201/wd/hub/session/fb3582b1-338d-45e1-b212-a0bc3a02b9ca/element/00000000-0000-01bd-ffff-ffff0000000e/text] with no body
[debug] ?[35m[WD Proxy]?[39m Got response with status 200: {"sessionId":"fb3582b1-338d-45e1-b212-a0bc3a02b9ca","value":"I'm new to Digibank"}
?[35m[WD Proxy]?[39m Replacing sessionId fb3582b1-338d-45e1-b212-a0bc3a02b9ca with b91cda30-be7c-4313-b0b2-8eae2188f729
?[35m[HTTP]?[39m ?[37m<-- GET /wd/hub/session/b91cda30-be7c-4313-b0b2-8eae2188f729/element/00000000-0000-01bd-ffff-ffff0000000e/text ?[39m?[32m200?[39m ?[90m13 ms - 82?[39m
?[35m[HTTP]?[39m ?[90m?[39m
?[35m[HTTP]?[39m ?[37m-->?[39m ?[37mPOST?[39m ?[37m/wd/hub/session/b91cda30-be7c-4313-b0b2-8eae2188f729/element?[39m
?[35m[HTTP]?[39m ?[90m{"using":"id","value":"welcome_login_btn"}?[39m
[debug] ?[35m[W3C (b91cda30)]?[39m Calling AppiumDriver.findElement() with args: ["id","welcome_login_btn","b91cda30-be7c-4313-b0b2-8eae2188f729"]
[debug] ?[35m[BaseDriver]?[39m Valid locator strategies for this request: xpath, id, class name, accessibility id, css selector, -android uiautomator
[debug] ?[35m[BaseDriver]?[39m Waiting up to 10000 ms for condition
[debug] ?[35m[WD Proxy]?[39m Matched '/element' to command name 'findElement'
[debug] ?[35m[WD Proxy]?[39m Proxying [POST /element] to [POST http://127.0.0.1:8201/wd/hub/session/fb3582b1-338d-45e1-b212-a0bc3a02b9ca/element] with body: {"strategy":"id","selector":"welcome_login_btn","context":"","multiple":false}
[debug] ?[35m[WD Proxy]?[39m Got response with status 200: {"sessionId":"fb3582b1-338d-45e1-b212-a0bc3a02b9ca","value":{"ELEMENT":"00000000-0000-01bd-ffff-ffff0000000d","element-6066-11e4-a52e-4f735466cecf":"00000000-0000-01bd-ffff-ffff0000000d"}}
[debug] ?[35m[W3C (b91cda30)]?[39m Responding to client with driver.findElement() result: {"element-6066-11e4-a52e-4f735466cecf":"00000000-0000-01bd-ffff-ffff0000000d","ELEMENT":"00000000-0000-01bd-ffff-ffff0000000d"}
?[35m[HTTP]?[39m ?[37m<-- POST /wd/hub/session/b91cda30-be7c-4313-b0b2-8eae2188f729/element ?[39m?[32m200?[39m ?[90m18 ms - 137?[39m
?[35m[HTTP]?[39m ?[90m?[39m
?[35m[HTTP]?[39m ?[37m-->?[39m ?[37mGET?[39m ?[37m/wd/hub/session/b91cda30-be7c-4313-b0b2-8eae2188f729/element/00000000-0000-01bd-ffff-ffff0000000d/text?[39m
?[35m[HTTP]?[39m ?[90m{}?[39m
?[35m[W3C (b91cda30)]?[39m Driver proxy active, passing request on via HTTP proxy
[debug] ?[35m[WD Proxy]?[39m Matched '/wd/hub/session/b91cda30-be7c-4313-b0b2-8eae2188f729/element/00000000-0000-01bd-ffff-ffff0000000d/text' to command name 'getText'
[debug] ?[35m[WD Proxy]?[39m Proxying [GET /wd/hub/session/b91cda30-be7c-4313-b0b2-8eae2188f729/element/00000000-0000-01bd-ffff-ffff0000000d/text] to [GET http://127.0.0.1:8201/wd/hub/session/fb3582b1-338d-45e1-b212-a0bc3a02b9ca/element/00000000-0000-01bd-ffff-ffff0000000d/text] with no body
[debug] ?[35m[WD Proxy]?[39m Got response with status 200: {"sessionId":"fb3582b1-338d-45e1-b212-a0bc3a02b9ca","value":"Log In"}
?[35m[WD Proxy]?[39m Replacing sessionId fb3582b1-338d-45e1-b212-a0bc3a02b9ca with b91cda30-be7c-4313-b0b2-8eae2188f729
?[35m[HTTP]?[39m ?[37m<-- GET /wd/hub/session/b91cda30-be7c-4313-b0b2-8eae2188f729/element/00000000-0000-01bd-ffff-ffff0000000d/text ?[39m?[32m200?[39m ?[90m11 ms - 69?[39m
?[35m[HTTP]?[39m ?[90m?[39m
TESTS COMPLETED
]]></system-out>
  <system-err><![CDATA[Dec 26, 2021 5:21:43 PM io.appium.java_client.remote.AppiumCommandExecutor$1 lambda$0
INFO: Detected dialect: W3C
]]></system-err>
</testsuite>
